\BOOKMARK [1][-]{section.1}{\376\377\225\356\230\230\221\315\217\360}{}% 1
\BOOKMARK [2][-]{subsection.1.1}{\376\377\225\356\230\230\200\314\146\157}{section.1}% 2
\BOOKMARK [2][-]{subsection.1.2}{\376\377\225\356\230\230\143\320\121\372}{section.1}% 3
\BOOKMARK [1][-]{section.2}{\376\377\225\356\230\230\122\006\147\220}{}% 4
\BOOKMARK [2][-]{subsection.2.1}{\376\377\225\356\230\230\116\000\166\204\122\006\147\220}{section.2}% 5
\BOOKMARK [2][-]{subsection.2.2}{\376\377\225\356\230\230\116\214\166\204\122\006\147\220}{section.2}% 6
\BOOKMARK [2][-]{subsection.2.3}{\376\377\225\356\230\230\116\011\166\204\122\006\147\220}{section.2}% 7
\BOOKMARK [2][-]{subsection.2.4}{\376\377\225\356\230\230\126\333\166\204\122\006\147\220}{section.2}% 8
\BOOKMARK [2][-]{subsection.2.5}{\376\377\225\356\230\230\116\224\166\204\122\006\147\220}{section.2}% 9
\BOOKMARK [2][-]{subsection.2.6}{\376\377\140\073\117\123\122\006\147\220}{section.2}% 10
\BOOKMARK [1][-]{section.3}{\376\377\152\041\127\213\120\107\213\276}{}% 11
\BOOKMARK [1][-]{section.4}{\376\377\173\046\123\367\213\364\146\016}{}% 12
\BOOKMARK [1][-]{section.5}{\376\377\152\041\127\213\136\372\172\313}{}% 13
\BOOKMARK [2][-]{subsection.5.1}{\376\377\133\374\137\071\217\320\122\250\152\041\127\213\147\204\136\372}{section.5}% 14
\BOOKMARK [2][-]{subsection.5.2}{\376\377\145\340\116\272\147\072\217\320\122\250\152\041\127\213\147\204\136\372}{section.5}% 15
\BOOKMARK [2][-]{subsection.5.3}{\376\377\160\337\136\125\136\162\142\160\137\071\166\204\217\320\122\250\152\041\127\213}{section.5}% 16
\BOOKMARK [2][-]{subsection.5.4}{\376\377\147\011\145\110\220\156\205\075\122\044\133\232\152\041\127\213}{section.5}% 17
\BOOKMARK [3][-]{subsubsection.5.4.1}{\376\377\121\340\117\125\220\156\143\041\147\141\116\366}{subsection.5.4}% 18
\BOOKMARK [3][-]{subsubsection.5.4.2}{\376\377\160\271\122\060\176\277\153\265\215\335\171\273\173\227\154\325}{subsection.5.4}% 19
\BOOKMARK [2][-]{subsection.5.5}{\376\377\220\156\205\075\145\366\225\364\152\041\127\213}{section.5}% 20
\BOOKMARK [3][-]{subsubsection.5.5.1}{\376\377\220\156\205\075\143\007\171\072\121\375\145\160}{subsection.5.5}% 21
\BOOKMARK [3][-]{subsubsection.5.5.2}{\376\377\140\073\147\011\145\110\220\156\205\075\145\366\225\177}{subsection.5.5}% 22
\BOOKMARK [3][-]{subsubsection.5.5.3}{\376\377\145\366\225\364\171\273\145\143\123\026\173\126\165\145}{subsection.5.5}% 23
\BOOKMARK [1][-]{section.6}{\376\377\152\041\127\213\154\102\211\343}{}% 24
\BOOKMARK [2][-]{subsection.6.1}{\376\377\225\356\230\230\116\000\154\102\211\343\377\032\126\372\133\232\123\302\145\160}{section.6}% 25
\BOOKMARK [3][-]{subsubsection.6.1.1}{\376\377\123\302\145\160\116\343\121\145\116\016\127\072\146\157\213\276\133\232}{subsection.6.1}% 26
\BOOKMARK [3][-]{subsubsection.6.1.2}{\376\377\217\320\122\250\217\150\217\371\213\241\173\227}{subsection.6.1}% 27
\BOOKMARK [3][-]{subsubsection.6.1.3}{\376\377\147\011\145\110\220\156\205\075\145\366\225\177\213\241\173\227}{subsection.6.1}% 28
\BOOKMARK [3][-]{subsubsection.6.1.4}{\376\377\152\041\127\213\154\107\140\073}{subsection.6.1}% 29
\BOOKMARK [3][-]{subsubsection.6.1.5}{\376\377\154\102\211\343\176\323\147\234\377\032}{subsection.6.1}% 30
\BOOKMARK [2][-]{subsection.6.2}{\376\377\225\356\230\230\116\214\154\102\211\343\377\032\123\125\147\072\123\125\137\071\117\030\123\026}{section.6}% 31
\BOOKMARK [3][-]{subsubsection.6.2.1}{\376\377\121\263\173\126\123\330\221\317}{subsection.6.2}% 32
\BOOKMARK [3][-]{subsubsection.6.2.2}{\376\377\217\320\122\250\162\266\140\001\145\271\172\013}{subsection.6.2}% 33
\BOOKMARK [3][-]{subsubsection.6.2.3}{\376\377\166\356\150\007\121\375\145\160}{subsection.6.2}% 34
\BOOKMARK [3][-]{subsubsection.6.2.4}{\376\377\176\246\147\137\147\141\116\366}{subsection.6.2}% 35
\BOOKMARK [3][-]{subsubsection.6.2.5}{\376\377\152\041\127\213\154\107\140\073}{subsection.6.2}% 36
\BOOKMARK [3][-]{subsubsection.6.2.6}{\376\377\154\102\211\343\173\227\154\325}{subsection.6.2}% 37
\BOOKMARK [3][-]{subsubsection.6.2.7}{\376\377\154\102\211\343\176\323\147\234}{subsection.6.2}% 38
\BOOKMARK [2][-]{subsection.6.3}{\376\377\225\356\230\230\116\011\154\102\211\343\377\032\131\032\137\071\123\117\124\014\173\126\165\145}{section.6}% 39
\BOOKMARK [3][-]{subsubsection.6.3.1}{\376\377\121\263\173\126\123\330\221\317}{subsection.6.3}% 40
\BOOKMARK [3][-]{subsubsection.6.3.2}{\376\377\131\032\137\071\217\320\122\250\162\266\140\001\145\271\172\013}{subsection.6.3}% 41
\BOOKMARK [3][-]{subsubsection.6.3.3}{\376\377\166\356\150\007\121\375\145\160}{subsection.6.3}% 42
\BOOKMARK [3][-]{subsubsection.6.3.4}{\376\377\176\246\147\137\147\141\116\366}{subsection.6.3}% 43
\BOOKMARK [3][-]{subsubsection.6.3.5}{\376\377\152\041\127\213\154\107\140\073}{subsection.6.3}% 44
\BOOKMARK [3][-]{subsubsection.6.3.6}{\376\377\154\102\211\343\173\227\154\325}{subsection.6.3}% 45
\BOOKMARK [3][-]{subsubsection.6.3.7}{\376\377\154\102\211\343\176\323\147\234}{subsection.6.3}% 46
\BOOKMARK [2][-]{subsection.6.4}{\376\377\225\356\230\230\126\333\154\102\211\343\377\032\131\032\147\072\123\117\124\014\117\030\123\026}{section.6}% 47
\BOOKMARK [3][-]{subsubsection.6.4.1}{\376\377\121\263\173\126\123\330\221\317}{subsection.6.4}% 48
\BOOKMARK [3][-]{subsubsection.6.4.2}{\376\377\162\266\140\001\145\271\172\013}{subsection.6.4}% 49
\BOOKMARK [3][-]{subsubsection.6.4.3}{\376\377\166\356\150\007\121\375\145\160}{subsection.6.4}% 50
\BOOKMARK [3][-]{subsubsection.6.4.4}{\376\377\176\246\147\137\147\141\116\366}{subsection.6.4}% 51
\BOOKMARK [3][-]{subsubsection.6.4.5}{\376\377\152\041\127\213\154\107\140\073}{subsection.6.4}% 52
\BOOKMARK [3][-]{subsubsection.6.4.6}{\376\377\154\102\211\343\173\227\154\325}{subsection.6.4}% 53
\BOOKMARK [3][-]{subsubsection.6.4.7}{\376\377\154\102\211\343\176\323\147\234}{subsection.6.4}% 54
\BOOKMARK [2][-]{subsection.6.5}{\376\377\225\356\230\230\116\224\154\102\211\343\377\032\131\032\147\072\131\032\166\356\150\007\123\117\124\014\142\346\142\052}{section.6}% 55
\BOOKMARK [3][-]{subsubsection.6.5.1}{\376\377\162\266\140\001\172\172\225\364}{subsection.6.5}% 56
\BOOKMARK [3][-]{subsubsection.6.5.2}{\376\377\166\356\150\007\121\375\145\160}{subsection.6.5}% 57
\BOOKMARK [3][-]{subsubsection.6.5.3}{\376\377\176\246\147\137\147\141\116\366}{subsection.6.5}% 58
\BOOKMARK [3][-]{subsubsection.6.5.4}{\376\377\152\041\127\213\154\107\140\073}{subsection.6.5}% 59
\BOOKMARK [3][-]{subsubsection.6.5.5}{\376\377\154\102\211\343\173\227\154\325}{subsection.6.5}% 60
\BOOKMARK [3][-]{subsubsection.6.5.6}{\376\377\154\102\211\343\176\323\147\234}{subsection.6.5}% 61
\BOOKMARK [1][-]{section.7}{\376\377\152\041\127\213\213\304\116\367}{}% 62
\BOOKMARK [2][-]{subsection.7.1}{\376\377\152\041\127\213\166\204\117\030\160\271}{section.7}% 63
\BOOKMARK [2][-]{subsection.7.2}{\376\377\152\041\127\213\166\204\177\072\160\271}{section.7}% 64
\BOOKMARK [2][-]{subsection.7.3}{\376\377\152\041\127\213\166\204\145\071\217\333\145\271\124\021}{section.7}% 65
