\BOOKMARK [1][-]{section.1}{\376\377\000P\000r\000o\000b\000l\000e\000m\000\040\000R\000e\000s\000t\000a\000t\000e\000m\000e\000n\000t}{}% 1
\BOOKMARK [2][-]{subsection.1.1}{\376\377\000P\000r\000o\000b\000l\000e\000m\000\040\000B\000a\000c\000k\000g\000r\000o\000u\000n\000d}{section.1}% 2
\BOOKMARK [2][-]{subsection.1.2}{\376\377\000P\000r\000o\000b\000l\000e\000m\000\040\000F\000o\000r\000m\000u\000l\000a\000t\000i\000o\000n}{section.1}% 3
\BOOKMARK [1][-]{section.2}{\376\377\000P\000r\000o\000b\000l\000e\000m\000\040\000A\000n\000a\000l\000y\000s\000i\000s}{}% 4
\BOOKMARK [2][-]{subsection.2.1}{\376\377\000A\000n\000a\000l\000y\000s\000i\000s\000\040\000o\000f\000\040\000P\000r\000o\000b\000l\000e\000m\000\040\0001}{section.2}% 5
\BOOKMARK [2][-]{subsection.2.2}{\376\377\000A\000n\000a\000l\000y\000s\000i\000s\000\040\000o\000f\000\040\000P\000r\000o\000b\000l\000e\000m\000\040\0002}{section.2}% 6
\BOOKMARK [2][-]{subsection.2.3}{\376\377\000A\000n\000a\000l\000y\000s\000i\000s\000\040\000o\000f\000\040\000P\000r\000o\000b\000l\000e\000m\000\040\0003}{section.2}% 7
\BOOKMARK [2][-]{subsection.2.4}{\376\377\000A\000n\000a\000l\000y\000s\000i\000s\000\040\000o\000f\000\040\000P\000r\000o\000b\000l\000e\000m\000\040\0004}{section.2}% 8
\BOOKMARK [2][-]{subsection.2.5}{\376\377\000A\000n\000a\000l\000y\000s\000i\000s\000\040\000o\000f\000\040\000P\000r\000o\000b\000l\000e\000m\000\040\0005}{section.2}% 9
\BOOKMARK [2][-]{subsection.2.6}{\376\377\000O\000v\000e\000r\000a\000l\000l\000\040\000A\000n\000a\000l\000y\000s\000i\000s}{section.2}% 10
\BOOKMARK [1][-]{section.3}{\376\377\000M\000o\000d\000e\000l\000\040\000A\000s\000s\000u\000m\000p\000t\000i\000o\000n\000s}{}% 11
\BOOKMARK [1][-]{section.4}{\376\377\000N\000o\000t\000a\000t\000i\000o\000n}{}% 12
\BOOKMARK [1][-]{section.5}{\376\377\000M\000o\000d\000e\000l\000\040\000e\000s\000t\000a\000b\000l\000i\000s\000h\000m\000e\000n\000t}{}% 13
\BOOKMARK [2][-]{subsection.5.1}{\376\377\000M\000i\000s\000s\000i\000l\000e\000\040\000M\000o\000t\000i\000o\000n\000\040\000M\000o\000d\000e\000l\000\040\000C\000o\000n\000s\000t\000r\000u\000c\000t\000i\000o\000n}{section.5}% 14
\BOOKMARK [2][-]{subsection.5.2}{\376\377\000C\000o\000n\000s\000t\000r\000u\000c\000t\000i\000o\000n\000\040\000o\000f\000\040\000u\000n\000m\000a\000n\000n\000e\000d\000\040\000a\000e\000r\000i\000a\000l\000\040\000v\000e\000h\000i\000c\000l\000e\000\040\000m\000o\000t\000i\000o\000n\000\040\000m\000o\000d\000e\000l}{section.5}% 15
\BOOKMARK [2][-]{subsection.5.3}{\376\377\000C\000o\000n\000s\000t\000r\000u\000c\000t\000i\000o\000n\000\040\000o\000f\000\040\000s\000m\000o\000k\000e\000\040\000s\000c\000r\000e\000e\000n\000\040\000i\000n\000t\000e\000r\000f\000e\000r\000e\000n\000c\000e\000\040\000b\000o\000m\000b\000\040\000m\000o\000t\000i\000o\000n\000\040\000m\000o\000d\000e\000l}{section.5}% 16
\BOOKMARK [2][-]{subsection.5.4}{\376\377\000E\000f\000f\000e\000c\000t\000i\000v\000e\000\040\000O\000b\000s\000t\000r\000u\000c\000t\000i\000o\000n\000\040\000D\000e\000t\000e\000r\000m\000i\000n\000a\000t\000i\000o\000n\000\040\000M\000o\000d\000e\000l}{section.5}% 17
\BOOKMARK [3][-]{subsubsection.5.4.1}{\376\377\000G\000e\000o\000m\000e\000t\000r\000i\000c\000\040\000O\000b\000s\000t\000r\000u\000c\000t\000i\000o\000n\000\040\000C\000o\000n\000d\000i\000t\000i\000o\000n\000s}{subsection.5.4}% 18
\BOOKMARK [3][-]{subsubsection.5.4.2}{\376\377\000P\000o\000i\000n\000t\000-\000t\000o\000-\000S\000e\000g\000m\000e\000n\000t\000\040\000D\000i\000s\000t\000a\000n\000c\000e\000\040\000A\000l\000g\000o\000r\000i\000t\000h\000m}{subsection.5.4}% 19
\BOOKMARK [2][-]{subsection.5.5}{\376\377\000S\000h\000a\000d\000i\000n\000g\000\040\000T\000i\000m\000e\000\040\000M\000o\000d\000e\000l}{section.5}% 20
\BOOKMARK [3][-]{subsubsection.5.5.1}{\376\377\000S\000h\000a\000d\000i\000n\000g\000\040\000I\000n\000d\000i\000c\000a\000t\000o\000r\000\040\000F\000u\000n\000c\000t\000i\000o\000n}{subsection.5.5}% 21
\BOOKMARK [3][-]{subsubsection.5.5.2}{\376\377\000T\000o\000t\000a\000l\000\040\000E\000f\000f\000e\000c\000t\000i\000v\000e\000\040\000S\000h\000a\000d\000i\000n\000g\000\040\000D\000u\000r\000a\000t\000i\000o\000n}{subsection.5.5}% 22
\BOOKMARK [3][-]{subsubsection.5.5.3}{\376\377\000T\000i\000m\000e\000\040\000D\000i\000s\000c\000r\000e\000t\000i\000z\000a\000t\000i\000o\000n\000\040\000S\000t\000r\000a\000t\000e\000g\000y}{subsection.5.5}% 23
\BOOKMARK [1][-]{section.6}{\376\377\000M\000o\000d\000e\000l\000\040\000S\000o\000l\000u\000t\000i\000o\000n}{}% 24
\BOOKMARK [2][-]{subsection.6.1}{\376\377\000P\000r\000o\000b\000l\000e\000m\000\040\0001\000\040\000S\000o\000l\000u\000t\000i\000o\000n\000:\000\040\000F\000i\000x\000e\000d\000\040\000P\000a\000r\000a\000m\000e\000t\000e\000r\000s}{section.6}% 25
\BOOKMARK [3][-]{subsubsection.6.1.1}{\376\377\000P\000a\000r\000a\000m\000e\000t\000e\000r\000\040\000S\000u\000b\000s\000t\000i\000t\000u\000t\000i\000o\000n\000\040\000a\000n\000d\000\040\000S\000c\000e\000n\000a\000r\000i\000o\000\040\000S\000e\000t\000u\000p}{subsection.6.1}% 26
\BOOKMARK [3][-]{subsubsection.6.1.2}{\376\377\000T\000r\000a\000j\000e\000c\000t\000o\000r\000y\000\040\000C\000a\000l\000c\000u\000l\000a\000t\000i\000o\000n}{subsection.6.1}% 27
\BOOKMARK [3][-]{subsubsection.6.1.3}{\376\377\000E\000f\000f\000e\000c\000t\000i\000v\000e\000\040\000S\000h\000a\000d\000i\000n\000g\000\040\000D\000u\000r\000a\000t\000i\000o\000n\000\040\000C\000a\000l\000c\000u\000l\000a\000t\000i\000o\000n}{subsection.6.1}% 28
\BOOKMARK [3][-]{subsubsection.6.1.4}{\376\377\000M\000o\000d\000e\000l\000\040\000S\000u\000m\000m\000a\000r\000y}{subsection.6.1}% 29
\BOOKMARK [3][-]{subsubsection.6.1.5}{\376\377\000S\000o\000l\000u\000t\000i\000o\000n\000\040\000R\000e\000s\000u\000l\000t\000s\000:}{subsection.6.1}% 30
\BOOKMARK [2][-]{subsection.6.2}{\376\377\000P\000r\000o\000b\000l\000e\000m\000\040\0002\000\040\000S\000o\000l\000u\000t\000i\000o\000n\000:\000\040\000S\000i\000n\000g\000l\000e\000\040\000D\000r\000o\000n\000e\000\040\000S\000i\000n\000g\000l\000e\000\040\000G\000r\000e\000n\000a\000d\000e\000\040\000O\000p\000t\000i\000m\000i\000z\000a\000t\000i\000o\000n}{section.6}% 31
\BOOKMARK [3][-]{subsubsection.6.2.1}{\376\377\000D\000e\000c\000i\000s\000i\000o\000n\000\040\000V\000a\000r\000i\000a\000b\000l\000e\000s}{subsection.6.2}% 32
\BOOKMARK [3][-]{subsubsection.6.2.2}{\376\377\000S\000t\000a\000t\000e\000\040\000E\000q\000u\000a\000t\000i\000o\000n\000s}{subsection.6.2}% 33
\BOOKMARK [3][-]{subsubsection.6.2.3}{\376\377\000O\000b\000j\000e\000c\000t\000i\000v\000e\000\040\000F\000u\000n\000c\000t\000i\000o\000n}{subsection.6.2}% 34
\BOOKMARK [3][-]{subsubsection.6.2.4}{\376\377\000C\000o\000n\000s\000t\000r\000a\000i\000n\000t\000s}{subsection.6.2}% 35
\BOOKMARK [3][-]{subsubsection.6.2.5}{\376\377\000M\000o\000d\000e\000l\000\040\000S\000u\000m\000m\000a\000r\000y}{subsection.6.2}% 36
\BOOKMARK [3][-]{subsubsection.6.2.6}{\376\377\000S\000o\000l\000u\000t\000i\000o\000n\000\040\000A\000l\000g\000o\000r\000i\000t\000h\000m}{subsection.6.2}% 37
\BOOKMARK [3][-]{subsubsection.6.2.7}{\376\377\000S\000o\000l\000u\000t\000i\000o\000n\000\040\000R\000e\000s\000u\000l\000t\000s}{subsection.6.2}% 38
\BOOKMARK [2][-]{subsection.6.3}{\376\377\000P\000r\000o\000b\000l\000e\000m\000\040\0003\000\040\000S\000o\000l\000u\000t\000i\000o\000n\000:\000\040\000M\000u\000l\000t\000i\000-\000P\000r\000o\000j\000e\000c\000t\000i\000l\000e\000\040\000C\000o\000o\000r\000d\000i\000n\000a\000t\000i\000o\000n\000\040\000S\000t\000r\000a\000t\000e\000g\000y}{section.6}% 39
\BOOKMARK [3][-]{subsubsection.6.3.1}{\376\377\000D\000e\000c\000i\000s\000i\000o\000n\000\040\000V\000a\000r\000i\000a\000b\000l\000e\000s}{subsection.6.3}% 40
\BOOKMARK [3][-]{subsubsection.6.3.2}{\376\377\000M\000u\000l\000t\000i\000-\000P\000r\000o\000j\000e\000c\000t\000i\000l\000e\000\040\000M\000o\000t\000i\000o\000n\000\040\000S\000t\000a\000t\000e\000\040\000E\000q\000u\000a\000t\000i\000o\000n\000s}{subsection.6.3}% 41
\BOOKMARK [3][-]{subsubsection.6.3.3}{\376\377\000O\000b\000j\000e\000c\000t\000i\000v\000e\000\040\000F\000u\000n\000c\000t\000i\000o\000n}{subsection.6.3}% 42
\BOOKMARK [3][-]{subsubsection.6.3.4}{\376\377\000C\000o\000n\000s\000t\000r\000a\000i\000n\000t\000s}{subsection.6.3}% 43
\BOOKMARK [3][-]{subsubsection.6.3.5}{\376\377\000M\000o\000d\000e\000l\000\040\000S\000u\000m\000m\000a\000r\000y}{subsection.6.3}% 44
\BOOKMARK [3][-]{subsubsection.6.3.6}{\376\377\000S\000o\000l\000u\000t\000i\000o\000n\000\040\000A\000l\000g\000o\000r\000i\000t\000h\000m}{subsection.6.3}% 45
\BOOKMARK [3][-]{subsubsection.6.3.7}{\376\377\000S\000o\000l\000u\000t\000i\000o\000n\000\040\000R\000e\000s\000u\000l\000t\000s}{subsection.6.3}% 46
\BOOKMARK [2][-]{subsection.6.4}{\376\377\000P\000r\000o\000b\000l\000e\000m\000\040\0004\000\040\000S\000o\000l\000u\000t\000i\000o\000n\000:\000\040\000M\000u\000l\000t\000i\000-\000U\000A\000V\000\040\000C\000o\000l\000l\000a\000b\000o\000r\000a\000t\000i\000v\000e\000\040\000O\000p\000t\000i\000m\000i\000z\000a\000t\000i\000o\000n}{section.6}% 47
\BOOKMARK [3][-]{subsubsection.6.4.1}{\376\377\000D\000e\000c\000i\000s\000i\000o\000n\000\040\000V\000a\000r\000i\000a\000b\000l\000e\000s}{subsection.6.4}% 48
\BOOKMARK [3][-]{subsubsection.6.4.2}{\376\377\000S\000t\000a\000t\000e\000\040\000E\000q\000u\000a\000t\000i\000o\000n\000s}{subsection.6.4}% 49
\BOOKMARK [3][-]{subsubsection.6.4.3}{\376\377\000O\000b\000j\000e\000c\000t\000i\000v\000e\000\040\000F\000u\000n\000c\000t\000i\000o\000n}{subsection.6.4}% 50
\BOOKMARK [3][-]{subsubsection.6.4.4}{\376\377\000C\000o\000n\000s\000t\000r\000a\000i\000n\000t\000s}{subsection.6.4}% 51
\BOOKMARK [3][-]{subsubsection.6.4.5}{\376\377\000M\000o\000d\000e\000l\000\040\000S\000u\000m\000m\000a\000r\000y}{subsection.6.4}% 52
\BOOKMARK [3][-]{subsubsection.6.4.6}{\376\377\000S\000o\000l\000u\000t\000i\000o\000n\000\040\000A\000l\000g\000o\000r\000i\000t\000h\000m}{subsection.6.4}% 53
\BOOKMARK [3][-]{subsubsection.6.4.7}{\376\377\000S\000o\000l\000u\000t\000i\000o\000n\000\040\000R\000e\000s\000u\000l\000t\000s}{subsection.6.4}% 54
\BOOKMARK [2][-]{subsection.6.5}{\376\377\000P\000r\000o\000b\000l\000e\000m\000\040\0005\000\040\000S\000o\000l\000u\000t\000i\000o\000n\000:\000\040\000M\000u\000l\000t\000i\000-\000A\000i\000r\000c\000r\000a\000f\000t\000\040\000M\000u\000l\000t\000i\000-\000T\000a\000r\000g\000e\000t\000\040\000C\000o\000l\000l\000a\000b\000o\000r\000a\000t\000i\000v\000e\000\040\000I\000n\000t\000e\000r\000c\000e\000p\000t\000i\000o\000n}{section.6}% 55
\BOOKMARK [3][-]{subsubsection.6.5.1}{\376\377\000S\000t\000a\000t\000e\000\040\000S\000p\000a\000c\000e}{subsection.6.5}% 56
\BOOKMARK [3][-]{subsubsection.6.5.2}{\376\377\000O\000b\000j\000e\000c\000t\000i\000v\000e\000\040\000F\000u\000n\000c\000t\000i\000o\000n}{subsection.6.5}% 57
\BOOKMARK [3][-]{subsubsection.6.5.3}{\376\377\000C\000o\000n\000s\000t\000r\000a\000i\000n\000t\000s}{subsection.6.5}% 58
\BOOKMARK [3][-]{subsubsection.6.5.4}{\376\377\000M\000o\000d\000e\000l\000\040\000S\000u\000m\000m\000a\000r\000y}{subsection.6.5}% 59
\BOOKMARK [3][-]{subsubsection.6.5.5}{\376\377\000S\000o\000l\000u\000t\000i\000o\000n\000\040\000A\000l\000g\000o\000r\000i\000t\000h\000m}{subsection.6.5}% 60
\BOOKMARK [3][-]{subsubsection.6.5.6}{\376\377\000S\000o\000l\000u\000t\000i\000o\000n\000\040\000R\000e\000s\000u\000l\000t\000s}{subsection.6.5}% 61
\BOOKMARK [1][-]{section.7}{\376\377\000M\000o\000d\000e\000l\000\040\000e\000v\000a\000l\000u\000a\000t\000i\000o\000n}{}% 62
\BOOKMARK [2][-]{subsection.7.1}{\376\377\000A\000d\000v\000a\000n\000t\000a\000g\000e\000s\000\040\000o\000f\000\040\000t\000h\000e\000\040\000m\000o\000d\000e\000l}{section.7}% 63
\BOOKMARK [2][-]{subsection.7.2}{\376\377\000D\000i\000s\000a\000d\000v\000a\000n\000t\000a\000g\000e\000s\000\040\000o\000f\000\040\000t\000h\000e\000\040\000m\000o\000d\000e\000l}{section.7}% 64
\BOOKMARK [2][-]{subsection.7.3}{\376\377\000D\000i\000r\000e\000c\000t\000i\000o\000n\000s\000\040\000f\000o\000r\000\040\000m\000o\000d\000e\000l\000\040\000i\000m\000p\000r\000o\000v\000e\000m\000e\000n\000t}{section.7}% 65
